<?xml version="1.0" encoding="UTF-8"?>
<!-- Generated by org.testng.reporters.JUnitReportReporter -->
<testsuite hostname="DESKTOP-6B2F6QC" name="Automation.Testcase_2" tests="1" failures="0" timestamp="19 Apr 2016 11:05:40 GMT" time="0.001" errors="1">
  <testcase name="Testcase" time="0.001" classname="Automation.Testcase_2">
    <error type="org.openqa.selenium.WebDriverException" message="Failed to connect to binary FirefoxBinary(C:\Program Files\Mozilla Firefox\firefox.exe) on port 7055; process output follows: 
ST Software\\Avast\\WebRep\\FF&quot;,&quot;installDate&quot;:1455612730397,&quot;updateDate&quot;:1455612730397,&quot;applyBackgroundUpdates&quot;:1,&quot;bootstrap&quot;:true,&quot;skinnable&quot;:false,&quot;size&quot;:2174460,&quot;sourceURI&quot;:null,&quot;releaseNotesURI&quot;:null,&quot;softDisabled&quot;:false,&quot;foreignInstall&quot;:true,&quot;hasBinaryComponents&quot;:false,&quot;strictCompatibility&quot;:false,&quot;locales&quot;:[],&quot;targetApplications&quot;:[{&quot;id&quot;:&quot;{ec8030f7-c20a-464f-9b0e-13a3a9e97384}&quot;,&quot;minVersion&quot;:&quot;38.0a1&quot;,&quot;maxVersion&quot;:&quot;43.0&quot;}],&quot;targetPlatforms&quot;:[],&quot;multiprocessCompatible&quot;:false,&quot;signedState&quot;:2,&quot;seen&quot;:true}
1461063895213	addons.xpi	DEBUG	Updating XPIState for {&quot;id&quot;:&quot;sp@avast.com&quot;,&quot;syncGUID&quot;:&quot;o_9PRPqXiRch&quot;,&quot;location&quot;:&quot;winreg-app-global&quot;,&quot;version&quot;:&quot;10.3.5.39&quot;,&quot;type&quot;:&quot;extension&quot;,&quot;internalName&quot;:null,&quot;updateURL&quot;:null,&quot;updateKey&quot;:null,&quot;optionsURL&quot;:null,&quot;optionsType&quot;:null,&quot;aboutURL&quot;:null,&quot;icons&quot;:{},&quot;iconURL&quot;:&quot;chrome://sp/content/common/skin/img/logo-safeprice-48.png&quot;,&quot;icon64URL&quot;:null,&quot;defaultLocale&quot;:{&quot;name&quot;:&quot;Avast SafePrice&quot;,&quot;description&quot;:&quot;Safe shopping extension&quot;,&quot;creator&quot;:&quot;AVAST Software&quot;,&quot;homepageURL&quot;:&quot;http://www.avast.com/&quot;},&quot;visible&quot;:true,&quot;active&quot;:false,&quot;userDisabled&quot;:true,&quot;appDisabled&quot;:false,&quot;descriptor&quot;:&quot;C:\\Program Files\\AVAST Software\\Avast\\SafePrice\\FF&quot;,&quot;installDate&quot;:1455612730179,&quot;updateDate&quot;:1455612730179,&quot;applyBackgroundUpdates&quot;:1,&quot;bootstrap&quot;:true,&quot;skinnable&quot;:false,&quot;size&quot;:1877359,&quot;sourceURI&quot;:null,&quot;releaseNotesURI&quot;:null,&quot;softDisabled&quot;:false,&quot;foreignInstall&quot;:true,&quot;hasBinaryComponents&quot;:false,&quot;strictCompatibility&quot;:false,&quot;locales&quot;:[],&quot;targetApplications&quot;:[{&quot;id&quot;:&quot;{ec8030f7-c20a-464f-9b0e-13a3a9e97384}&quot;,&quot;minVersion&quot;:&quot;38.0a1&quot;,&quot;maxVersion&quot;:&quot;43.0&quot;}],&quot;targetPlatforms&quot;:[],&quot;multiprocessCompatible&quot;:false,&quot;signedState&quot;:2,&quot;seen&quot;:true}
1461063895214	DeferredSave.extensions.json	DEBUG	Save changes
1461063895214	addons.xpi	DEBUG	Updating database with changes to installed add-ons
1461063895214	addons.xpi-utils	DEBUG	Updating add-on states
1461063895215	addons.xpi-utils	DEBUG	Writing add-ons list
1461063895217	addons.xpi	DEBUG	Registering manifest for C:\Program Files\Mozilla Firefox\browser\features\loop@mozilla.org.xpi
1461063895218	addons.xpi	DEBUG	Calling bootstrap method startup on loop@mozilla.org version 1.1.14
1461063895228	addons.manager	DEBUG	Starting provider: &lt;unnamed-provider&gt;
1461063895228	addons.manager	DEBUG	Registering shutdown blocker for &lt;unnamed-provider&gt;
1461063895229	addons.manager	DEBUG	Provider finished startup: &lt;unnamed-provider&gt;
1461063895239	addons.manager	DEBUG	Registering shutdown blocker for XPIProvider
1461063895239	addons.manager	DEBUG	Provider finished startup: XPIProvider
1461063895239	addons.manager	DEBUG	Starting provider: LightweightThemeManager
1461063895239	addons.manager	DEBUG	Registering shutdown blocker for LightweightThemeManager
1461063895239	addons.manager	DEBUG	Provider finished startup: LightweightThemeManager
1461063895240	addons.manager	DEBUG	Starting provider: GMPProvider
1461063895244	addons.manager	DEBUG	Registering shutdown blocker for GMPProvider
1461063895244	addons.manager	DEBUG	Provider finished startup: GMPProvider
1461063895244	addons.manager	DEBUG	Starting provider: PluginProvider
1461063895244	addons.manager	DEBUG	Registering shutdown blocker for PluginProvider
1461063895244	addons.manager	DEBUG	Provider finished startup: PluginProvider
1461063895245	addons.manager	DEBUG	Completed startup sequence
1461063896399	DeferredSave.extensions.json	DEBUG	Starting timer
1461063896435	DeferredSave.extensions.json	DEBUG	Starting write
1461063896512	addons.repository	DEBUG	No addons.json found.
1461063896513	DeferredSave.addons.json	DEBUG	Save changes
1461063896516	DeferredSave.addons.json	DEBUG	Starting timer
1461063896545	addons.manager	DEBUG	Starting provider: PreviousExperimentProvider
1461063896545	addons.manager	DEBUG	Registering shutdown blocker for PreviousExperimentProvider
1461063896545	addons.manager	DEBUG	Provider finished startup: PreviousExperimentProvider
1461063896607	DeferredSave.extensions.json	DEBUG	Write succeeded
1461063896611	DeferredSave.addons.json	DEBUG	Starting write
1461063896676	DeferredSave.addons.json	DEBUG	Write succeeded

Build info: version: &#039;2.48.2&#039;, revision: &#039;41bccdd&#039;, time: &#039;2015-10-09 19:59:12&#039;
System info: host: &#039;DESKTOP-6B2F6QC&#039;, ip: &#039;10.13.85.69&#039;, os.name: &#039;Windows 10&#039;, os.arch: &#039;x86&#039;, os.version: &#039;10.0&#039;, java.version: &#039;1.8.0_74&#039;
Driver info: driver.version: FirefoxDriver">
      <![CDATA[org.openqa.selenium.WebDriverException: Failed to connect to binary FirefoxBinary(C:\Program Files\Mozilla Firefox\firefox.exe) on port 7055; process output follows: 
ST Software\\Avast\\WebRep\\FF","installDate":1455612730397,"updateDate":1455612730397,"applyBackgroundUpdates":1,"bootstrap":true,"skinnable":false,"size":2174460,"sourceURI":null,"releaseNotesURI":null,"softDisabled":false,"foreignInstall":true,"hasBinaryComponents":false,"strictCompatibility":false,"locales":[],"targetApplications":[{"id":"{ec8030f7-c20a-464f-9b0e-13a3a9e97384}","minVersion":"38.0a1","maxVersion":"43.0"}],"targetPlatforms":[],"multiprocessCompatible":false,"signedState":2,"seen":true}
1461063895213	addons.xpi	DEBUG	Updating XPIState for {"id":"sp@avast.com","syncGUID":"o_9PRPqXiRch","location":"winreg-app-global","version":"10.3.5.39","type":"extension","internalName":null,"updateURL":null,"updateKey":null,"optionsURL":null,"optionsType":null,"aboutURL":null,"icons":{},"iconURL":"chrome://sp/content/common/skin/img/logo-safeprice-48.png","icon64URL":null,"defaultLocale":{"name":"Avast SafePrice","description":"Safe shopping extension","creator":"AVAST Software","homepageURL":"http://www.avast.com/"},"visible":true,"active":false,"userDisabled":true,"appDisabled":false,"descriptor":"C:\\Program Files\\AVAST Software\\Avast\\SafePrice\\FF","installDate":1455612730179,"updateDate":1455612730179,"applyBackgroundUpdates":1,"bootstrap":true,"skinnable":false,"size":1877359,"sourceURI":null,"releaseNotesURI":null,"softDisabled":false,"foreignInstall":true,"hasBinaryComponents":false,"strictCompatibility":false,"locales":[],"targetApplications":[{"id":"{ec8030f7-c20a-464f-9b0e-13a3a9e97384}","minVersion":"38.0a1","maxVersion":"43.0"}],"targetPlatforms":[],"multiprocessCompatible":false,"signedState":2,"seen":true}
1461063895214	DeferredSave.extensions.json	DEBUG	Save changes
1461063895214	addons.xpi	DEBUG	Updating database with changes to installed add-ons
1461063895214	addons.xpi-utils	DEBUG	Updating add-on states
1461063895215	addons.xpi-utils	DEBUG	Writing add-ons list
1461063895217	addons.xpi	DEBUG	Registering manifest for C:\Program Files\Mozilla Firefox\browser\features\loop@mozilla.org.xpi
1461063895218	addons.xpi	DEBUG	Calling bootstrap method startup on loop@mozilla.org version 1.1.14
1461063895228	addons.manager	DEBUG	Starting provider: <unnamed-provider>
1461063895228	addons.manager	DEBUG	Registering shutdown blocker for <unnamed-provider>
1461063895229	addons.manager	DEBUG	Provider finished startup: <unnamed-provider>
1461063895239	addons.manager	DEBUG	Registering shutdown blocker for XPIProvider
1461063895239	addons.manager	DEBUG	Provider finished startup: XPIProvider
1461063895239	addons.manager	DEBUG	Starting provider: LightweightThemeManager
1461063895239	addons.manager	DEBUG	Registering shutdown blocker for LightweightThemeManager
1461063895239	addons.manager	DEBUG	Provider finished startup: LightweightThemeManager
1461063895240	addons.manager	DEBUG	Starting provider: GMPProvider
1461063895244	addons.manager	DEBUG	Registering shutdown blocker for GMPProvider
1461063895244	addons.manager	DEBUG	Provider finished startup: GMPProvider
1461063895244	addons.manager	DEBUG	Starting provider: PluginProvider
1461063895244	addons.manager	DEBUG	Registering shutdown blocker for PluginProvider
1461063895244	addons.manager	DEBUG	Provider finished startup: PluginProvider
1461063895245	addons.manager	DEBUG	Completed startup sequence
1461063896399	DeferredSave.extensions.json	DEBUG	Starting timer
1461063896435	DeferredSave.extensions.json	DEBUG	Starting write
1461063896512	addons.repository	DEBUG	No addons.json found.
1461063896513	DeferredSave.addons.json	DEBUG	Save changes
1461063896516	DeferredSave.addons.json	DEBUG	Starting timer
1461063896545	addons.manager	DEBUG	Starting provider: PreviousExperimentProvider
1461063896545	addons.manager	DEBUG	Registering shutdown blocker for PreviousExperimentProvider
1461063896545	addons.manager	DEBUG	Provider finished startup: PreviousExperimentProvider
1461063896607	DeferredSave.extensions.json	DEBUG	Write succeeded
1461063896611	DeferredSave.addons.json	DEBUG	Starting write
1461063896676	DeferredSave.addons.json	DEBUG	Write succeeded

Build info: version: '2.48.2', revision: '41bccdd', time: '2015-10-09 19:59:12'
System info: host: 'DESKTOP-6B2F6QC', ip: '10.13.85.69', os.name: 'Windows 10', os.arch: 'x86', os.version: '10.0', java.version: '1.8.0_74'
Driver info: driver.version: FirefoxDriver
	at org.openqa.selenium.firefox.internal.NewProfileExtensionConnection.start(NewProfileExtensionConnection.java:134)
	at org.openqa.selenium.firefox.FirefoxDriver.startClient(FirefoxDriver.java:271)
	at org.openqa.selenium.remote.RemoteWebDriver.<init>(RemoteWebDriver.java:117)
	at org.openqa.selenium.firefox.FirefoxDriver.<init>(FirefoxDriver.java:218)
	at org.openqa.selenium.firefox.FirefoxDriver.<init>(FirefoxDriver.java:211)
	at org.openqa.selenium.firefox.FirefoxDriver.<init>(FirefoxDriver.java:207)
	at org.openqa.selenium.firefox.FirefoxDriver.<init>(FirefoxDriver.java:120)
	at Automation.Testcase_2.testSetup(Testcase_2.java:33)
	at sun.reflect.NativeMethodAccessorImpl.invoke0(Native Method)
	at sun.reflect.NativeMethodAccessorImpl.invoke(Unknown Source)
	at sun.reflect.DelegatingMethodAccessorImpl.invoke(Unknown Source)
	at java.lang.reflect.Method.invoke(Unknown Source)
	at org.testng.internal.MethodInvocationHelper.invokeMethod(MethodInvocationHelper.java:85)
	at org.testng.internal.Invoker.invokeConfigurationMethod(Invoker.java:510)
	at org.testng.internal.Invoker.invokeConfigurations(Invoker.java:211)
	at org.testng.internal.Invoker.invokeConfigurations(Invoker.java:138)
	at org.testng.internal.TestMethodWorker.invokeBeforeClassMethods(TestMethodWorker.java:170)
	at org.testng.internal.TestMethodWorker.run(TestMethodWorker.java:104)
	at org.testng.TestRunner.privateRun(TestRunner.java:773)
	at org.testng.TestRunner.run(TestRunner.java:623)
	at org.testng.SuiteRunner.runTest(SuiteRunner.java:357)
	at org.testng.SuiteRunner.runSequentially(SuiteRunner.java:352)
	at org.testng.SuiteRunner.privateRun(SuiteRunner.java:310)
	at org.testng.SuiteRunner.run(SuiteRunner.java:259)
	at org.testng.SuiteRunnerWorker.runSuite(SuiteRunnerWorker.java:52)
	at org.testng.SuiteRunnerWorker.run(SuiteRunnerWorker.java:86)
	at org.testng.TestNG.runSuitesSequentially(TestNG.java:1185)
	at org.testng.TestNG.runSuitesLocally(TestNG.java:1110)
	at org.testng.TestNG.run(TestNG.java:1018)
	at org.testng.remote.AbstractRemoteTestNG.run(AbstractRemoteTestNG.java:126)
	at org.testng.remote.RemoteTestNG.initAndRun(RemoteTestNG.java:137)
	at org.testng.remote.RemoteTestNG.main(RemoteTestNG.java:58)
Caused by: org.openqa.selenium.firefox.NotConnectedException: Unable to connect to host 127.0.0.1 on port 7055 after 45000 ms. Firefox console output:
ST Software\\Avast\\WebRep\\FF","installDate":1455612730397,"updateDate":1455612730397,"applyBackgroundUpdates":1,"bootstrap":true,"skinnable":false,"size":2174460,"sourceURI":null,"releaseNotesURI":null,"softDisabled":false,"foreignInstall":true,"hasBinaryComponents":false,"strictCompatibility":false,"locales":[],"targetApplications":[{"id":"{ec8030f7-c20a-464f-9b0e-13a3a9e97384}","minVersion":"38.0a1","maxVersion":"43.0"}],"targetPlatforms":[],"multiprocessCompatible":false,"signedState":2,"seen":true}
1461063895213	addons.xpi	DEBUG	Updating XPIState for {"id":"sp@avast.com","syncGUID":"o_9PRPqXiRch","location":"winreg-app-global","version":"10.3.5.39","type":"extension","internalName":null,"updateURL":null,"updateKey":null,"optionsURL":null,"optionsType":null,"aboutURL":null,"icons":{},"iconURL":"chrome://sp/content/common/skin/img/logo-safeprice-48.png","icon64URL":null,"defaultLocale":{"name":"Avast SafePrice","description":"Safe shopping extension","creator":"AVAST Software","homepageURL":"http://www.avast.com/"},"visible":true,"active":false,"userDisabled":true,"appDisabled":false,"descriptor":"C:\\Program Files\\AVAST Software\\Avast\\SafePrice\\FF","installDate":1455612730179,"updateDate":1455612730179,"applyBackgroundUpdates":1,"bootstrap":true,"skinnable":false,"size":1877359,"sourceURI":null,"releaseNotesURI":null,"softDisabled":false,"foreignInstall":true,"hasBinaryComponents":false,"strictCompatibility":false,"locales":[],"targetApplications":[{"id":"{ec8030f7-c20a-464f-9b0e-13a3a9e97384}","minVersion":"38.0a1","maxVersion":"43.0"}],"targetPlatforms":[],"multiprocessCompatible":false,"signedState":2,"seen":true}
1461063895214	DeferredSave.extensions.json	DEBUG	Save changes
1461063895214	addons.xpi	DEBUG	Updating database with changes to installed add-ons
1461063895214	addons.xpi-utils	DEBUG	Updating add-on states
1461063895215	addons.xpi-utils	DEBUG	Writing add-ons list
1461063895217	addons.xpi	DEBUG	Registering manifest for C:\Program Files\Mozilla Firefox\browser\features\loop@mozilla.org.xpi
1461063895218	addons.xpi	DEBUG	Calling bootstrap method startup on loop@mozilla.org version 1.1.14
1461063895228	addons.manager	DEBUG	Starting provider: <unnamed-provider>
1461063895228	addons.manager	DEBUG	Registering shutdown blocker for <unnamed-provider>
1461063895229	addons.manager	DEBUG	Provider finished startup: <unnamed-provider>
1461063895239	addons.manager	DEBUG	Registering shutdown blocker for XPIProvider
1461063895239	addons.manager	DEBUG	Provider finished startup: XPIProvider
1461063895239	addons.manager	DEBUG	Starting provider: LightweightThemeManager
1461063895239	addons.manager	DEBUG	Registering shutdown blocker for LightweightThemeManager
1461063895239	addons.manager	DEBUG	Provider finished startup: LightweightThemeManager
1461063895240	addons.manager	DEBUG	Starting provider: GMPProvider
1461063895244	addons.manager	DEBUG	Registering shutdown blocker for GMPProvider
1461063895244	addons.manager	DEBUG	Provider finished startup: GMPProvider
1461063895244	addons.manager	DEBUG	Starting provider: PluginProvider
1461063895244	addons.manager	DEBUG	Registering shutdown blocker for PluginProvider
1461063895244	addons.manager	DEBUG	Provider finished startup: PluginProvider
1461063895245	addons.manager	DEBUG	Completed startup sequence
1461063896399	DeferredSave.extensions.json	DEBUG	Starting timer
1461063896435	DeferredSave.extensions.json	DEBUG	Starting write
1461063896512	addons.repository	DEBUG	No addons.json found.
1461063896513	DeferredSave.addons.json	DEBUG	Save changes
1461063896516	DeferredSave.addons.json	DEBUG	Starting timer
1461063896545	addons.manager	DEBUG	Starting provider: PreviousExperimentProvider
1461063896545	addons.manager	DEBUG	Registering shutdown blocker for PreviousExperimentProvider
1461063896545	addons.manager	DEBUG	Provider finished startup: PreviousExperimentProvider
1461063896607	DeferredSave.extensions.json	DEBUG	Write succeeded
1461063896611	DeferredSave.addons.json	DEBUG	Starting write
1461063896676	DeferredSave.addons.json	DEBUG	Write succeeded

	at org.openqa.selenium.firefox.internal.NewProfileExtensionConnection.start(NewProfileExtensionConnection.java:122)
	... 31 more
]]>
    </error>
  </testcase> <!-- Testcase -->
</testsuite> <!-- Automation.Testcase_2 -->
